mode: set
github.com/calvarado2004/go-testing-webapp/cmd/web/db.go:12.42,14.16 2 0
github.com/calvarado2004/go-testing-webapp/cmd/web/db.go:14.16,16.3 1 0
github.com/calvarado2004/go-testing-webapp/cmd/web/db.go:18.2,18.33 1 0
github.com/calvarado2004/go-testing-webapp/cmd/web/db.go:18.33,20.3 1 0
github.com/calvarado2004/go-testing-webapp/cmd/web/db.go:22.2,22.16 1 0
github.com/calvarado2004/go-testing-webapp/cmd/web/db.go:26.56,29.16 2 0
github.com/calvarado2004/go-testing-webapp/cmd/web/db.go:29.16,31.3 1 0
github.com/calvarado2004/go-testing-webapp/cmd/web/db.go:33.2,35.24 2 0
github.com/calvarado2004/go-testing-webapp/cmd/web/forms.go:9.42,13.26 2 1
github.com/calvarado2004/go-testing-webapp/cmd/web/forms.go:13.26,15.3 1 1
github.com/calvarado2004/go-testing-webapp/cmd/web/forms.go:17.2,17.22 1 1
github.com/calvarado2004/go-testing-webapp/cmd/web/forms.go:22.44,24.2 1 1
github.com/calvarado2004/go-testing-webapp/cmd/web/forms.go:33.37,38.2 1 1
github.com/calvarado2004/go-testing-webapp/cmd/web/forms.go:41.39,43.13 2 1
github.com/calvarado2004/go-testing-webapp/cmd/web/forms.go:43.13,45.3 1 1
github.com/calvarado2004/go-testing-webapp/cmd/web/forms.go:46.2,46.13 1 1
github.com/calvarado2004/go-testing-webapp/cmd/web/forms.go:50.43,51.31 1 1
github.com/calvarado2004/go-testing-webapp/cmd/web/forms.go:51.31,53.18 2 1
github.com/calvarado2004/go-testing-webapp/cmd/web/forms.go:53.18,55.4 1 1
github.com/calvarado2004/go-testing-webapp/cmd/web/forms.go:60.52,62.35 2 0
github.com/calvarado2004/go-testing-webapp/cmd/web/forms.go:62.35,65.3 2 0
github.com/calvarado2004/go-testing-webapp/cmd/web/forms.go:67.2,67.13 1 0
github.com/calvarado2004/go-testing-webapp/cmd/web/forms.go:71.52,72.9 1 1
github.com/calvarado2004/go-testing-webapp/cmd/web/forms.go:72.9,74.3 1 1
github.com/calvarado2004/go-testing-webapp/cmd/web/forms.go:78.29,80.2 1 1
github.com/calvarado2004/go-testing-webapp/cmd/web/forms.go:83.38,85.17 2 0
github.com/calvarado2004/go-testing-webapp/cmd/web/forms.go:85.17,86.41 1 0
github.com/calvarado2004/go-testing-webapp/cmd/web/forms.go:86.41,89.4 2 0
github.com/calvarado2004/go-testing-webapp/cmd/web/forms.go:90.3,90.52 1 0
github.com/calvarado2004/go-testing-webapp/cmd/web/forms.go:90.52,93.4 2 0
github.com/calvarado2004/go-testing-webapp/cmd/web/forms.go:94.3,94.35 1 0
github.com/calvarado2004/go-testing-webapp/cmd/web/forms.go:94.35,95.20 1 0
github.com/calvarado2004/go-testing-webapp/cmd/web/forms.go:96.13,96.13 0 0
github.com/calvarado2004/go-testing-webapp/cmd/web/forms.go:98.13,100.36 1 0
github.com/calvarado2004/go-testing-webapp/cmd/web/forms.go:100.36,103.6 2 0
github.com/calvarado2004/go-testing-webapp/cmd/web/forms.go:104.12,105.41 1 0
github.com/calvarado2004/go-testing-webapp/cmd/web/forms.go:105.41,108.6 2 0
github.com/calvarado2004/go-testing-webapp/cmd/web/handlers.go:15.70,19.45 2 1
github.com/calvarado2004/go-testing-webapp/cmd/web/handlers.go:19.45,23.3 3 1
github.com/calvarado2004/go-testing-webapp/cmd/web/handlers.go:23.8,26.3 2 1
github.com/calvarado2004/go-testing-webapp/cmd/web/handlers.go:28.2,31.16 2 1
github.com/calvarado2004/go-testing-webapp/cmd/web/handlers.go:31.16,33.3 1 0
github.com/calvarado2004/go-testing-webapp/cmd/web/handlers.go:38.73,42.45 2 0
github.com/calvarado2004/go-testing-webapp/cmd/web/handlers.go:42.45,46.3 3 0
github.com/calvarado2004/go-testing-webapp/cmd/web/handlers.go:46.8,49.3 2 0
github.com/calvarado2004/go-testing-webapp/cmd/web/handlers.go:51.2,52.16 2 0
github.com/calvarado2004/go-testing-webapp/cmd/web/handlers.go:52.16,54.3 1 0
github.com/calvarado2004/go-testing-webapp/cmd/web/handlers.go:67.106,71.16 2 1
github.com/calvarado2004/go-testing-webapp/cmd/web/handlers.go:71.16,74.3 2 1
github.com/calvarado2004/go-testing-webapp/cmd/web/handlers.go:76.2,84.16 5 1
github.com/calvarado2004/go-testing-webapp/cmd/web/handlers.go:84.16,87.3 2 0
github.com/calvarado2004/go-testing-webapp/cmd/web/handlers.go:89.2,89.12 1 1
github.com/calvarado2004/go-testing-webapp/cmd/web/handlers.go:93.71,96.16 2 1
github.com/calvarado2004/go-testing-webapp/cmd/web/handlers.go:96.16,100.3 3 0
github.com/calvarado2004/go-testing-webapp/cmd/web/handlers.go:103.2,106.19 3 1
github.com/calvarado2004/go-testing-webapp/cmd/web/handlers.go:106.19,112.3 3 1
github.com/calvarado2004/go-testing-webapp/cmd/web/handlers.go:114.2,118.16 4 1
github.com/calvarado2004/go-testing-webapp/cmd/web/handlers.go:118.16,122.3 3 1
github.com/calvarado2004/go-testing-webapp/cmd/web/handlers.go:125.2,125.42 1 1
github.com/calvarado2004/go-testing-webapp/cmd/web/handlers.go:125.42,129.3 3 1
github.com/calvarado2004/go-testing-webapp/cmd/web/handlers.go:132.2,138.59 3 1
github.com/calvarado2004/go-testing-webapp/cmd/web/handlers.go:143.94,146.72 1 1
github.com/calvarado2004/go-testing-webapp/cmd/web/handlers.go:146.72,148.3 1 1
github.com/calvarado2004/go-testing-webapp/cmd/web/handlers.go:150.2,152.13 2 1
github.com/calvarado2004/go-testing-webapp/cmd/web/main.go:24.13,37.16 6 0
github.com/calvarado2004/go-testing-webapp/cmd/web/main.go:37.16,39.3 1 0
github.com/calvarado2004/go-testing-webapp/cmd/web/main.go:41.2,41.27 1 0
github.com/calvarado2004/go-testing-webapp/cmd/web/main.go:41.27,43.17 2 0
github.com/calvarado2004/go-testing-webapp/cmd/web/main.go:43.17,45.4 1 0
github.com/calvarado2004/go-testing-webapp/cmd/web/main.go:48.2,61.16 6 0
github.com/calvarado2004/go-testing-webapp/cmd/web/main.go:61.16,63.3 1 0
github.com/calvarado2004/go-testing-webapp/cmd/web/middleware.go:14.67,17.2 1 1
github.com/calvarado2004/go-testing-webapp/cmd/web/middleware.go:19.72,21.71 1 1
github.com/calvarado2004/go-testing-webapp/cmd/web/middleware.go:21.71,25.17 3 1
github.com/calvarado2004/go-testing-webapp/cmd/web/middleware.go:25.17,27.20 2 1
github.com/calvarado2004/go-testing-webapp/cmd/web/middleware.go:27.20,29.5 1 1
github.com/calvarado2004/go-testing-webapp/cmd/web/middleware.go:31.4,31.60 1 1
github.com/calvarado2004/go-testing-webapp/cmd/web/middleware.go:33.9,35.4 1 1
github.com/calvarado2004/go-testing-webapp/cmd/web/middleware.go:36.3,36.40 1 1
github.com/calvarado2004/go-testing-webapp/cmd/web/middleware.go:40.45,44.16 2 1
github.com/calvarado2004/go-testing-webapp/cmd/web/middleware.go:44.16,46.3 1 1
github.com/calvarado2004/go-testing-webapp/cmd/web/middleware.go:48.2,49.19 2 1
github.com/calvarado2004/go-testing-webapp/cmd/web/middleware.go:49.19,51.3 1 1
github.com/calvarado2004/go-testing-webapp/cmd/web/middleware.go:53.2,54.22 2 1
github.com/calvarado2004/go-testing-webapp/cmd/web/middleware.go:54.22,57.3 1 1
github.com/calvarado2004/go-testing-webapp/cmd/web/middleware.go:59.2,59.18 1 1
github.com/calvarado2004/go-testing-webapp/cmd/web/middleware.go:59.18,63.3 1 0
github.com/calvarado2004/go-testing-webapp/cmd/web/middleware.go:65.2,65.16 1 1
github.com/calvarado2004/go-testing-webapp/cmd/web/middleware.go:69.62,71.71 1 1
github.com/calvarado2004/go-testing-webapp/cmd/web/middleware.go:71.71,72.47 1 1
github.com/calvarado2004/go-testing-webapp/cmd/web/middleware.go:72.47,76.4 3 1
github.com/calvarado2004/go-testing-webapp/cmd/web/middleware.go:77.3,77.23 1 1
github.com/calvarado2004/go-testing-webapp/cmd/web/routes.go:9.47,23.54 8 1
github.com/calvarado2004/go-testing-webapp/cmd/web/routes.go:23.54,26.3 2 1
github.com/calvarado2004/go-testing-webapp/cmd/web/routes.go:29.2,34.12 3 1
github.com/calvarado2004/go-testing-webapp/cmd/web/sessions.go:10.39,19.2 6 1
github.com/calvarado2004/go-testing-webapp/pkg/repository/dbrepo/users_postgres.go:18.47,20.2 1 1
github.com/calvarado2004/go-testing-webapp/pkg/repository/dbrepo/users_postgres.go:23.59,31.16 5 1
github.com/calvarado2004/go-testing-webapp/pkg/repository/dbrepo/users_postgres.go:31.16,33.3 1 0
github.com/calvarado2004/go-testing-webapp/pkg/repository/dbrepo/users_postgres.go:34.2,38.18 3 1
github.com/calvarado2004/go-testing-webapp/pkg/repository/dbrepo/users_postgres.go:38.18,50.17 3 1
github.com/calvarado2004/go-testing-webapp/pkg/repository/dbrepo/users_postgres.go:50.17,53.4 2 0
github.com/calvarado2004/go-testing-webapp/pkg/repository/dbrepo/users_postgres.go:55.3,55.31 1 1
github.com/calvarado2004/go-testing-webapp/pkg/repository/dbrepo/users_postgres.go:58.2,58.19 1 1
github.com/calvarado2004/go-testing-webapp/pkg/repository/dbrepo/users_postgres.go:62.62,88.16 7 1
github.com/calvarado2004/go-testing-webapp/pkg/repository/dbrepo/users_postgres.go:88.16,90.3 1 1
github.com/calvarado2004/go-testing-webapp/pkg/repository/dbrepo/users_postgres.go:92.2,92.19 1 1
github.com/calvarado2004/go-testing-webapp/pkg/repository/dbrepo/users_postgres.go:96.75,122.16 7 1
github.com/calvarado2004/go-testing-webapp/pkg/repository/dbrepo/users_postgres.go:122.16,124.3 1 0
github.com/calvarado2004/go-testing-webapp/pkg/repository/dbrepo/users_postgres.go:126.2,126.19 1 1
github.com/calvarado2004/go-testing-webapp/pkg/repository/dbrepo/users_postgres.go:130.56,152.16 5 1
github.com/calvarado2004/go-testing-webapp/pkg/repository/dbrepo/users_postgres.go:152.16,154.3 1 0
github.com/calvarado2004/go-testing-webapp/pkg/repository/dbrepo/users_postgres.go:156.2,156.12 1 1
github.com/calvarado2004/go-testing-webapp/pkg/repository/dbrepo/users_postgres.go:160.51,167.16 5 1
github.com/calvarado2004/go-testing-webapp/pkg/repository/dbrepo/users_postgres.go:167.16,169.3 1 0
github.com/calvarado2004/go-testing-webapp/pkg/repository/dbrepo/users_postgres.go:171.2,171.12 1 1
github.com/calvarado2004/go-testing-webapp/pkg/repository/dbrepo/users_postgres.go:175.66,180.16 4 1
github.com/calvarado2004/go-testing-webapp/pkg/repository/dbrepo/users_postgres.go:180.16,182.3 1 0
github.com/calvarado2004/go-testing-webapp/pkg/repository/dbrepo/users_postgres.go:184.2,198.16 4 1
github.com/calvarado2004/go-testing-webapp/pkg/repository/dbrepo/users_postgres.go:198.16,200.3 1 0
github.com/calvarado2004/go-testing-webapp/pkg/repository/dbrepo/users_postgres.go:202.2,202.19 1 1
github.com/calvarado2004/go-testing-webapp/pkg/repository/dbrepo/users_postgres.go:206.71,211.16 4 1
github.com/calvarado2004/go-testing-webapp/pkg/repository/dbrepo/users_postgres.go:211.16,213.3 1 0
github.com/calvarado2004/go-testing-webapp/pkg/repository/dbrepo/users_postgres.go:215.2,217.16 3 1
github.com/calvarado2004/go-testing-webapp/pkg/repository/dbrepo/users_postgres.go:217.16,219.3 1 0
github.com/calvarado2004/go-testing-webapp/pkg/repository/dbrepo/users_postgres.go:221.2,221.12 1 1
github.com/calvarado2004/go-testing-webapp/pkg/repository/dbrepo/users_postgres.go:225.73,240.16 6 1
github.com/calvarado2004/go-testing-webapp/pkg/repository/dbrepo/users_postgres.go:240.16,242.3 1 1
github.com/calvarado2004/go-testing-webapp/pkg/repository/dbrepo/users_postgres.go:244.2,244.19 1 1
github.com/calvarado2004/go-testing-webapp/pkg/repository/dbrepo/users_testdb.go:12.43,14.2 1 0
github.com/calvarado2004/go-testing-webapp/pkg/repository/dbrepo/users_testdb.go:17.55,22.2 2 0
github.com/calvarado2004/go-testing-webapp/pkg/repository/dbrepo/users_testdb.go:25.58,32.2 2 0
github.com/calvarado2004/go-testing-webapp/pkg/repository/dbrepo/users_testdb.go:35.71,37.34 1 0
github.com/calvarado2004/go-testing-webapp/pkg/repository/dbrepo/users_testdb.go:37.34,51.3 2 0
github.com/calvarado2004/go-testing-webapp/pkg/repository/dbrepo/users_testdb.go:53.2,53.42 1 0
github.com/calvarado2004/go-testing-webapp/pkg/repository/dbrepo/users_testdb.go:58.52,61.2 1 0
github.com/calvarado2004/go-testing-webapp/pkg/repository/dbrepo/users_testdb.go:64.47,67.2 1 0
github.com/calvarado2004/go-testing-webapp/pkg/repository/dbrepo/users_testdb.go:70.62,73.2 1 0
github.com/calvarado2004/go-testing-webapp/pkg/repository/dbrepo/users_testdb.go:76.67,79.2 1 0
github.com/calvarado2004/go-testing-webapp/pkg/repository/dbrepo/users_testdb.go:82.69,85.2 1 0
