mode: set
github.com/calvarado2004/go-testing-webapp/cmd/api/api-handlers.go:18.78,23.16 3 1
github.com/calvarado2004/go-testing-webapp/cmd/api/api-handlers.go:23.16,26.3 2 1
github.com/calvarado2004/go-testing-webapp/cmd/api/api-handlers.go:29.2,30.16 2 1
github.com/calvarado2004/go-testing-webapp/cmd/api/api-handlers.go:30.16,33.3 2 1
github.com/calvarado2004/go-testing-webapp/cmd/api/api-handlers.go:36.2,37.16 2 1
github.com/calvarado2004/go-testing-webapp/cmd/api/api-handlers.go:37.16,40.3 2 1
github.com/calvarado2004/go-testing-webapp/cmd/api/api-handlers.go:43.2,44.16 2 1
github.com/calvarado2004/go-testing-webapp/cmd/api/api-handlers.go:44.16,47.3 2 0
github.com/calvarado2004/go-testing-webapp/cmd/api/api-handlers.go:50.2,51.16 2 1
github.com/calvarado2004/go-testing-webapp/cmd/api/api-handlers.go:51.16,54.3 2 0
github.com/calvarado2004/go-testing-webapp/cmd/api/api-handlers.go:56.2,56.30 1 1
github.com/calvarado2004/go-testing-webapp/cmd/api/api-handlers.go:61.73,64.16 2 1
github.com/calvarado2004/go-testing-webapp/cmd/api/api-handlers.go:64.16,67.3 2 0
github.com/calvarado2004/go-testing-webapp/cmd/api/api-handlers.go:69.2,74.97 3 1
github.com/calvarado2004/go-testing-webapp/cmd/api/api-handlers.go:74.97,76.3 1 1
github.com/calvarado2004/go-testing-webapp/cmd/api/api-handlers.go:78.2,78.16 1 1
github.com/calvarado2004/go-testing-webapp/cmd/api/api-handlers.go:78.16,81.3 2 1
github.com/calvarado2004/go-testing-webapp/cmd/api/api-handlers.go:83.2,83.76 1 1
github.com/calvarado2004/go-testing-webapp/cmd/api/api-handlers.go:83.76,86.3 2 1
github.com/calvarado2004/go-testing-webapp/cmd/api/api-handlers.go:89.2,92.16 3 1
github.com/calvarado2004/go-testing-webapp/cmd/api/api-handlers.go:92.16,95.3 2 0
github.com/calvarado2004/go-testing-webapp/cmd/api/api-handlers.go:98.2,99.16 2 1
github.com/calvarado2004/go-testing-webapp/cmd/api/api-handlers.go:99.16,102.3 2 0
github.com/calvarado2004/go-testing-webapp/cmd/api/api-handlers.go:105.2,119.16 3 1
github.com/calvarado2004/go-testing-webapp/cmd/api/api-handlers.go:119.16,122.3 2 0
github.com/calvarado2004/go-testing-webapp/cmd/api/api-handlers.go:124.2,124.30 1 1
github.com/calvarado2004/go-testing-webapp/cmd/api/api-handlers.go:128.75,130.2 0 0
github.com/calvarado2004/go-testing-webapp/cmd/api/api-handlers.go:133.74,135.2 0 0
github.com/calvarado2004/go-testing-webapp/cmd/api/api-handlers.go:138.77,140.2 0 0
github.com/calvarado2004/go-testing-webapp/cmd/api/api-handlers.go:143.77,145.2 0 0
github.com/calvarado2004/go-testing-webapp/cmd/api/api-handlers.go:148.77,150.2 0 0
github.com/calvarado2004/go-testing-webapp/cmd/api/api-middleware.go:6.68,8.71 1 1
github.com/calvarado2004/go-testing-webapp/cmd/api/api-middleware.go:8.71,10.28 2 1
github.com/calvarado2004/go-testing-webapp/cmd/api/api-middleware.go:10.28,16.4 5 1
github.com/calvarado2004/go-testing-webapp/cmd/api/api-middleware.go:16.9,18.4 1 1
github.com/calvarado2004/go-testing-webapp/cmd/api/api-middleware.go:20.3,20.23 1 1
github.com/calvarado2004/go-testing-webapp/cmd/api/api-middleware.go:25.70,27.71 1 1
github.com/calvarado2004/go-testing-webapp/cmd/api/api-middleware.go:27.71,30.17 2 1
github.com/calvarado2004/go-testing-webapp/cmd/api/api-middleware.go:30.17,33.4 2 1
github.com/calvarado2004/go-testing-webapp/cmd/api/api-middleware.go:35.3,36.9 2 1
github.com/calvarado2004/go-testing-webapp/cmd/api/api-routes.go:10.50,23.67 6 1
github.com/calvarado2004/go-testing-webapp/cmd/api/api-routes.go:23.67,31.17 3 0
github.com/calvarado2004/go-testing-webapp/cmd/api/api-routes.go:31.17,33.4 1 0
github.com/calvarado2004/go-testing-webapp/cmd/api/api-routes.go:38.2,38.50 1 1
github.com/calvarado2004/go-testing-webapp/cmd/api/api-routes.go:38.50,48.3 6 1
github.com/calvarado2004/go-testing-webapp/cmd/api/api-routes.go:50.2,50.12 1 1
github.com/calvarado2004/go-testing-webapp/cmd/api/auth.go:29.118,41.22 3 1
github.com/calvarado2004/go-testing-webapp/cmd/api/auth.go:41.22,44.3 2 1
github.com/calvarado2004/go-testing-webapp/cmd/api/auth.go:47.2,48.28 2 1
github.com/calvarado2004/go-testing-webapp/cmd/api/auth.go:48.28,51.3 2 1
github.com/calvarado2004/go-testing-webapp/cmd/api/auth.go:54.2,54.33 1 1
github.com/calvarado2004/go-testing-webapp/cmd/api/auth.go:54.33,57.3 2 1
github.com/calvarado2004/go-testing-webapp/cmd/api/auth.go:59.2,65.91 3 1
github.com/calvarado2004/go-testing-webapp/cmd/api/auth.go:65.91,67.58 1 1
github.com/calvarado2004/go-testing-webapp/cmd/api/auth.go:67.58,69.4 1 0
github.com/calvarado2004/go-testing-webapp/cmd/api/auth.go:71.3,71.36 1 1
github.com/calvarado2004/go-testing-webapp/cmd/api/auth.go:73.2,73.16 1 1
github.com/calvarado2004/go-testing-webapp/cmd/api/auth.go:73.16,74.57 1 1
github.com/calvarado2004/go-testing-webapp/cmd/api/auth.go:74.57,77.4 2 1
github.com/calvarado2004/go-testing-webapp/cmd/api/auth.go:79.3,80.22 2 1
github.com/calvarado2004/go-testing-webapp/cmd/api/auth.go:84.2,84.33 1 1
github.com/calvarado2004/go-testing-webapp/cmd/api/auth.go:84.33,87.3 2 1
github.com/calvarado2004/go-testing-webapp/cmd/api/auth.go:90.2,90.27 1 1
github.com/calvarado2004/go-testing-webapp/cmd/api/auth.go:95.80,107.23 7 1
github.com/calvarado2004/go-testing-webapp/cmd/api/auth.go:107.23,109.3 1 1
github.com/calvarado2004/go-testing-webapp/cmd/api/auth.go:109.8,111.3 1 1
github.com/calvarado2004/go-testing-webapp/cmd/api/auth.go:112.2,117.16 4 1
github.com/calvarado2004/go-testing-webapp/cmd/api/auth.go:117.16,119.3 1 0
github.com/calvarado2004/go-testing-webapp/cmd/api/auth.go:122.2,131.16 6 1
github.com/calvarado2004/go-testing-webapp/cmd/api/auth.go:131.16,133.3 1 0
github.com/calvarado2004/go-testing-webapp/cmd/api/auth.go:135.2,139.24 4 1
github.com/calvarado2004/go-testing-webapp/cmd/api/db.go:12.42,14.16 2 0
github.com/calvarado2004/go-testing-webapp/cmd/api/db.go:14.16,16.3 1 0
github.com/calvarado2004/go-testing-webapp/cmd/api/db.go:18.2,18.33 1 0
github.com/calvarado2004/go-testing-webapp/cmd/api/db.go:18.33,20.3 1 0
github.com/calvarado2004/go-testing-webapp/cmd/api/db.go:22.2,22.16 1 0
github.com/calvarado2004/go-testing-webapp/cmd/api/db.go:26.56,29.16 2 0
github.com/calvarado2004/go-testing-webapp/cmd/api/db.go:29.16,31.3 1 0
github.com/calvarado2004/go-testing-webapp/cmd/api/db.go:33.2,35.24 2 0
github.com/calvarado2004/go-testing-webapp/cmd/api/main.go:27.13,36.16 7 0
github.com/calvarado2004/go-testing-webapp/cmd/api/main.go:36.16,38.3 1 0
github.com/calvarado2004/go-testing-webapp/cmd/api/main.go:40.2,40.27 1 0
github.com/calvarado2004/go-testing-webapp/cmd/api/main.go:40.27,42.17 2 0
github.com/calvarado2004/go-testing-webapp/cmd/api/main.go:42.17,44.4 1 0
github.com/calvarado2004/go-testing-webapp/cmd/api/main.go:47.2,52.16 4 0
github.com/calvarado2004/go-testing-webapp/cmd/api/main.go:52.16,54.3 1 0
github.com/calvarado2004/go-testing-webapp/cmd/api/utilities.go:11.110,16.19 2 1
github.com/calvarado2004/go-testing-webapp/cmd/api/utilities.go:16.19,21.17 4 1
github.com/calvarado2004/go-testing-webapp/cmd/api/utilities.go:21.17,23.4 1 0
github.com/calvarado2004/go-testing-webapp/cmd/api/utilities.go:24.3,24.18 1 1
github.com/calvarado2004/go-testing-webapp/cmd/api/utilities.go:25.8,28.17 2 0
github.com/calvarado2004/go-testing-webapp/cmd/api/utilities.go:28.17,30.4 1 0
github.com/calvarado2004/go-testing-webapp/cmd/api/utilities.go:31.3,31.18 1 0
github.com/calvarado2004/go-testing-webapp/cmd/api/utilities.go:35.2,40.16 4 1
github.com/calvarado2004/go-testing-webapp/cmd/api/utilities.go:40.16,42.3 1 0
github.com/calvarado2004/go-testing-webapp/cmd/api/utilities.go:43.2,43.12 1 1
github.com/calvarado2004/go-testing-webapp/cmd/api/utilities.go:47.84,49.21 2 1
github.com/calvarado2004/go-testing-webapp/cmd/api/utilities.go:49.21,51.3 1 1
github.com/calvarado2004/go-testing-webapp/cmd/api/utilities.go:53.2,61.53 3 1
github.com/calvarado2004/go-testing-webapp/cmd/api/utilities.go:65.98,73.16 6 1
github.com/calvarado2004/go-testing-webapp/cmd/api/utilities.go:73.16,75.3 1 1
github.com/calvarado2004/go-testing-webapp/cmd/api/utilities.go:78.2,79.19 2 1
github.com/calvarado2004/go-testing-webapp/cmd/api/utilities.go:79.19,81.3 1 0
github.com/calvarado2004/go-testing-webapp/cmd/api/utilities.go:83.2,83.12 1 1
