mode: set
github.com/calvarado2004/go-testing/cmd/web/db.go:12.42,14.16 2 1
github.com/calvarado2004/go-testing/cmd/web/db.go:14.16,16.3 1 0
github.com/calvarado2004/go-testing/cmd/web/db.go:18.2,18.33 1 1
github.com/calvarado2004/go-testing/cmd/web/db.go:18.33,20.3 1 0
github.com/calvarado2004/go-testing/cmd/web/db.go:22.2,22.16 1 1
github.com/calvarado2004/go-testing/cmd/web/db.go:26.56,29.16 2 1
github.com/calvarado2004/go-testing/cmd/web/db.go:29.16,31.3 1 0
github.com/calvarado2004/go-testing/cmd/web/db.go:33.2,35.24 2 1
github.com/calvarado2004/go-testing/cmd/web/forms.go:9.42,13.26 2 1
github.com/calvarado2004/go-testing/cmd/web/forms.go:13.26,15.3 1 1
github.com/calvarado2004/go-testing/cmd/web/forms.go:17.2,17.22 1 1
github.com/calvarado2004/go-testing/cmd/web/forms.go:22.44,24.2 1 1
github.com/calvarado2004/go-testing/cmd/web/forms.go:33.37,38.2 1 1
github.com/calvarado2004/go-testing/cmd/web/forms.go:41.39,43.13 2 1
github.com/calvarado2004/go-testing/cmd/web/forms.go:43.13,45.3 1 1
github.com/calvarado2004/go-testing/cmd/web/forms.go:46.2,46.13 1 1
github.com/calvarado2004/go-testing/cmd/web/forms.go:50.43,51.31 1 1
github.com/calvarado2004/go-testing/cmd/web/forms.go:51.31,53.18 2 1
github.com/calvarado2004/go-testing/cmd/web/forms.go:53.18,55.4 1 1
github.com/calvarado2004/go-testing/cmd/web/forms.go:60.52,62.35 2 0
github.com/calvarado2004/go-testing/cmd/web/forms.go:62.35,65.3 2 0
github.com/calvarado2004/go-testing/cmd/web/forms.go:67.2,67.13 1 0
github.com/calvarado2004/go-testing/cmd/web/forms.go:71.52,72.9 1 1
github.com/calvarado2004/go-testing/cmd/web/forms.go:72.9,74.3 1 1
github.com/calvarado2004/go-testing/cmd/web/forms.go:78.29,80.2 1 1
github.com/calvarado2004/go-testing/cmd/web/forms.go:83.38,85.17 2 0
github.com/calvarado2004/go-testing/cmd/web/forms.go:85.17,86.41 1 0
github.com/calvarado2004/go-testing/cmd/web/forms.go:86.41,89.4 2 0
github.com/calvarado2004/go-testing/cmd/web/forms.go:90.3,90.52 1 0
github.com/calvarado2004/go-testing/cmd/web/forms.go:90.52,93.4 2 0
github.com/calvarado2004/go-testing/cmd/web/forms.go:94.3,94.35 1 0
github.com/calvarado2004/go-testing/cmd/web/forms.go:94.35,95.20 1 0
github.com/calvarado2004/go-testing/cmd/web/forms.go:96.13,96.13 0 0
github.com/calvarado2004/go-testing/cmd/web/forms.go:98.13,100.36 1 0
github.com/calvarado2004/go-testing/cmd/web/forms.go:100.36,103.6 2 0
github.com/calvarado2004/go-testing/cmd/web/forms.go:104.12,105.41 1 0
github.com/calvarado2004/go-testing/cmd/web/forms.go:105.41,108.6 2 0
github.com/calvarado2004/go-testing/cmd/web/handlers.go:15.70,19.45 2 1
github.com/calvarado2004/go-testing/cmd/web/handlers.go:19.45,23.3 3 1
github.com/calvarado2004/go-testing/cmd/web/handlers.go:23.8,26.3 2 1
github.com/calvarado2004/go-testing/cmd/web/handlers.go:28.2,31.16 2 1
github.com/calvarado2004/go-testing/cmd/web/handlers.go:31.16,33.3 1 0
github.com/calvarado2004/go-testing/cmd/web/handlers.go:38.73,42.45 2 0
github.com/calvarado2004/go-testing/cmd/web/handlers.go:42.45,46.3 3 0
github.com/calvarado2004/go-testing/cmd/web/handlers.go:46.8,49.3 2 0
github.com/calvarado2004/go-testing/cmd/web/handlers.go:51.2,52.16 2 0
github.com/calvarado2004/go-testing/cmd/web/handlers.go:52.16,54.3 1 0
github.com/calvarado2004/go-testing/cmd/web/handlers.go:67.106,71.16 2 1
github.com/calvarado2004/go-testing/cmd/web/handlers.go:71.16,74.3 2 1
github.com/calvarado2004/go-testing/cmd/web/handlers.go:76.2,84.16 5 1
github.com/calvarado2004/go-testing/cmd/web/handlers.go:84.16,87.3 2 0
github.com/calvarado2004/go-testing/cmd/web/handlers.go:89.2,89.12 1 1
github.com/calvarado2004/go-testing/cmd/web/handlers.go:93.71,96.16 2 1
github.com/calvarado2004/go-testing/cmd/web/handlers.go:96.16,100.3 3 0
github.com/calvarado2004/go-testing/cmd/web/handlers.go:103.2,106.19 3 1
github.com/calvarado2004/go-testing/cmd/web/handlers.go:106.19,112.3 3 1
github.com/calvarado2004/go-testing/cmd/web/handlers.go:114.2,118.16 4 1
github.com/calvarado2004/go-testing/cmd/web/handlers.go:118.16,122.3 3 1
github.com/calvarado2004/go-testing/cmd/web/handlers.go:125.2,125.42 1 1
github.com/calvarado2004/go-testing/cmd/web/handlers.go:125.42,129.3 3 1
github.com/calvarado2004/go-testing/cmd/web/handlers.go:132.2,138.59 3 1
github.com/calvarado2004/go-testing/cmd/web/handlers.go:143.94,146.72 1 1
github.com/calvarado2004/go-testing/cmd/web/handlers.go:146.72,148.3 1 1
github.com/calvarado2004/go-testing/cmd/web/handlers.go:150.2,152.13 2 1
github.com/calvarado2004/go-testing/cmd/web/main.go:23.13,36.16 6 0
github.com/calvarado2004/go-testing/cmd/web/main.go:36.16,38.3 1 0
github.com/calvarado2004/go-testing/cmd/web/main.go:40.2,40.27 1 0
github.com/calvarado2004/go-testing/cmd/web/main.go:40.27,42.17 2 0
github.com/calvarado2004/go-testing/cmd/web/main.go:42.17,44.4 1 0
github.com/calvarado2004/go-testing/cmd/web/main.go:47.2,60.16 6 0
github.com/calvarado2004/go-testing/cmd/web/main.go:60.16,62.3 1 0
github.com/calvarado2004/go-testing/cmd/web/middleware.go:14.67,17.2 1 1
github.com/calvarado2004/go-testing/cmd/web/middleware.go:19.72,21.71 1 1
github.com/calvarado2004/go-testing/cmd/web/middleware.go:21.71,25.17 3 1
github.com/calvarado2004/go-testing/cmd/web/middleware.go:25.17,27.20 2 1
github.com/calvarado2004/go-testing/cmd/web/middleware.go:27.20,29.5 1 1
github.com/calvarado2004/go-testing/cmd/web/middleware.go:31.4,31.60 1 1
github.com/calvarado2004/go-testing/cmd/web/middleware.go:33.9,35.4 1 1
github.com/calvarado2004/go-testing/cmd/web/middleware.go:36.3,36.40 1 1
github.com/calvarado2004/go-testing/cmd/web/middleware.go:40.45,44.16 2 1
github.com/calvarado2004/go-testing/cmd/web/middleware.go:44.16,46.3 1 1
github.com/calvarado2004/go-testing/cmd/web/middleware.go:48.2,49.19 2 1
github.com/calvarado2004/go-testing/cmd/web/middleware.go:49.19,51.3 1 1
github.com/calvarado2004/go-testing/cmd/web/middleware.go:53.2,54.22 2 1
github.com/calvarado2004/go-testing/cmd/web/middleware.go:54.22,57.3 1 1
github.com/calvarado2004/go-testing/cmd/web/middleware.go:59.2,59.18 1 1
github.com/calvarado2004/go-testing/cmd/web/middleware.go:59.18,63.3 1 0
github.com/calvarado2004/go-testing/cmd/web/middleware.go:65.2,65.16 1 1
github.com/calvarado2004/go-testing/cmd/web/middleware.go:69.62,71.71 1 1
github.com/calvarado2004/go-testing/cmd/web/middleware.go:71.71,72.47 1 1
github.com/calvarado2004/go-testing/cmd/web/middleware.go:72.47,76.4 3 1
github.com/calvarado2004/go-testing/cmd/web/middleware.go:77.3,77.23 1 1
github.com/calvarado2004/go-testing/cmd/web/routes.go:9.47,18.40 5 1
github.com/calvarado2004/go-testing/cmd/web/routes.go:18.40,21.3 2 1
github.com/calvarado2004/go-testing/cmd/web/routes.go:24.2,33.12 5 1
github.com/calvarado2004/go-testing/cmd/web/sessions.go:10.39,19.2 6 1
